[0.015s] Invoking command in '/home/arno/microver_ws/build/rover_input_pkg': CMAKE_PREFIX_PATH=${CMAKE_PREFIX_PATH}:/opt/ros/humble /usr/bin/cmake --build /home/arno/microver_ws/build/rover_input_pkg -- -j8 -l8
[0.046s] -- Found ament_cmake: 1.3.8 (/opt/ros/humble/share/ament_cmake/cmake)
[0.227s] -- Override CMake install command with custom implementation using symlinks instead of copying resources
[0.237s] -- Found rclcpp: 16.0.8 (/opt/ros/humble/share/rclcpp/cmake)
[0.284s] -- Found rosidl_generator_c: 3.1.5 (/opt/ros/humble/share/rosidl_generator_c/cmake)
[0.287s] -- Found rosidl_adapter: 3.1.5 (/opt/ros/humble/share/rosidl_adapter/cmake)
[0.297s] -- Found rosidl_generator_cpp: 3.1.5 (/opt/ros/humble/share/rosidl_generator_cpp/cmake)
[0.314s] -- Using all available rosidl_typesupport_c: rosidl_typesupport_fastrtps_c;rosidl_typesupport_introspection_c
[0.340s] -- Using all available rosidl_typesupport_cpp: rosidl_typesupport_fastrtps_cpp;rosidl_typesupport_introspection_cpp
[0.426s] -- Found rmw_implementation_cmake: 6.1.1 (/opt/ros/humble/share/rmw_implementation_cmake/cmake)
[0.428s] -- Found rmw_fastrtps_cpp: 6.2.6 (/opt/ros/humble/share/rmw_fastrtps_cpp/cmake)
[0.604s] -- Using RMW implementation 'rmw_fastrtps_cpp' as default
[0.853s] -- Found ament_lint_auto: 0.12.10 (/opt/ros/humble/share/ament_lint_auto/cmake)
[0.968s] -- Added test 'cppcheck' to perform static code analysis on C / C++ code
[0.969s] -- Configured cppcheck include dirs: 
[0.969s] -- Configured cppcheck exclude dirs and/or files: 
[0.971s] -- Added test 'flake8' to check Python code syntax and style conventions
[0.975s] -- Added test 'lint_cmake' to check CMake code style
[0.977s] -- Added test 'pep257' to check Python code against some of the docstring style conventions in PEP 257
[0.991s] -- Added test 'uncrustify' to check C / C++ code style
[0.991s] -- Configured uncrustify additional arguments: 
[0.994s] -- Added test 'xmllint' to check XML markup files
[0.996s] -- Configuring done
[1.010s] -- Generating done
[1.013s] -- Build files have been written to: /home/arno/microver_ws/build/rover_input_pkg
[1.056s] [35m[1mConsolidate compiler generated dependencies of target input_node[0m
[1.098s] [ 50%] [32mBuilding CXX object CMakeFiles/input_node.dir/src/input_node.cpp.o[0m
[4.532s] [01m[K/home/arno/microver_ws/rover_input_pkg/src/input_node.cpp:[m[K In function â€˜[01m[Kint main(int, char**)[m[Kâ€™:
[4.532s] [01m[K/home/arno/microver_ws/rover_input_pkg/src/input_node.cpp:114:21:[m[K [01;31m[Kerror: [m[Kno matching function for call to â€˜[01m[KInputNode::captureKey()[m[Kâ€™
[4.532s]   114 |     [01;31m[Knode->captureKey()[m[K; // Call captureInput method
[4.532s]       |     [01;31m[K~~~~~~~~~~~~~~~~^~[m[K
[4.532s] [01m[K/home/arno/microver_ws/rover_input_pkg/src/input_node.cpp:30:10:[m[K [01;36m[Knote: [m[Kcandidate: â€˜[01m[Kvoid InputNode::captureKey(char)[m[Kâ€™
[4.533s]    30 |     void [01;36m[KcaptureKey[m[K(char key) {
[4.533s]       |          [01;36m[K^~~~~~~~~~[m[K
[4.533s] [01m[K/home/arno/microver_ws/rover_input_pkg/src/input_node.cpp:30:10:[m[K [01;36m[Knote: [m[K  candidate expects 1 argument, 0 provided
[5.772s] gmake[2]: *** [CMakeFiles/input_node.dir/build.make:76: CMakeFiles/input_node.dir/src/input_node.cpp.o] Error 1
[5.773s] gmake[1]: *** [CMakeFiles/Makefile2:137: CMakeFiles/input_node.dir/all] Error 2
[5.773s] gmake: *** [Makefile:146: all] Error 2
[5.776s] Invoked command in '/home/arno/microver_ws/build/rover_input_pkg' returned '2': CMAKE_PREFIX_PATH=${CMAKE_PREFIX_PATH}:/opt/ros/humble /usr/bin/cmake --build /home/arno/microver_ws/build/rover_input_pkg -- -j8 -l8
