[01m[K/home/arno/microver_ws/rover_input_pkg/src/input_node.cpp:[m[K In function â€˜[01m[Kint main(int, char**)[m[Kâ€™:
[01m[K/home/arno/microver_ws/rover_input_pkg/src/input_node.cpp:114:21:[m[K [01;31m[Kerror: [m[Kno matching function for call to â€˜[01m[KInputNode::captureKey()[m[Kâ€™
  114 |     [01;31m[Knode->captureKey()[m[K;
      |     [01;31m[K~~~~~~~~~~~~~~~~^~[m[K
[01m[K/home/arno/microver_ws/rover_input_pkg/src/input_node.cpp:30:10:[m[K [01;36m[Knote: [m[Kcandidate: â€˜[01m[Kvoid InputNode::captureKey(char)[m[Kâ€™
   30 |     void [01;36m[KcaptureKey[m[K(char key) {
      |          [01;36m[K^~~~~~~~~~[m[K
[01m[K/home/arno/microver_ws/rover_input_pkg/src/input_node.cpp:30:10:[m[K [01;36m[Knote: [m[K  candidate expects 1 argument, 0 provided
gmake[2]: *** [CMakeFiles/input_node.dir/build.make:76: CMakeFiles/input_node.dir/src/input_node.cpp.o] Error 1
gmake[1]: *** [CMakeFiles/Makefile2:137: CMakeFiles/input_node.dir/all] Error 2
gmake: *** [Makefile:146: all] Error 2
