[0.017s] Invoking command in '/home/arno/microver_ws/build/rover_input_pkg': CMAKE_PREFIX_PATH=${CMAKE_PREFIX_PATH}:/opt/ros/humble /usr/bin/cmake --build /home/arno/microver_ws/build/rover_input_pkg -- -j8 -l8
[0.047s] -- Found ament_cmake: 1.3.8 (/opt/ros/humble/share/ament_cmake/cmake)
[0.216s] -- Override CMake install command with custom implementation using symlinks instead of copying resources
[0.230s] -- Found rclcpp: 16.0.8 (/opt/ros/humble/share/rclcpp/cmake)
[0.277s] -- Found rosidl_generator_c: 3.1.5 (/opt/ros/humble/share/rosidl_generator_c/cmake)
[0.282s] -- Found rosidl_adapter: 3.1.5 (/opt/ros/humble/share/rosidl_adapter/cmake)
[0.292s] -- Found rosidl_generator_cpp: 3.1.5 (/opt/ros/humble/share/rosidl_generator_cpp/cmake)
[0.310s] -- Using all available rosidl_typesupport_c: rosidl_typesupport_fastrtps_c;rosidl_typesupport_introspection_c
[0.338s] -- Using all available rosidl_typesupport_cpp: rosidl_typesupport_fastrtps_cpp;rosidl_typesupport_introspection_cpp
[0.423s] -- Found rmw_implementation_cmake: 6.1.1 (/opt/ros/humble/share/rmw_implementation_cmake/cmake)
[0.425s] -- Found rmw_fastrtps_cpp: 6.2.6 (/opt/ros/humble/share/rmw_fastrtps_cpp/cmake)
[0.590s] -- Using RMW implementation 'rmw_fastrtps_cpp' as default
[0.826s] -- Found ament_lint_auto: 0.12.10 (/opt/ros/humble/share/ament_lint_auto/cmake)
[0.950s] -- Added test 'cppcheck' to perform static code analysis on C / C++ code
[0.950s] -- Configured cppcheck include dirs: 
[0.950s] -- Configured cppcheck exclude dirs and/or files: 
[0.953s] -- Added test 'flake8' to check Python code syntax and style conventions
[0.957s] -- Added test 'lint_cmake' to check CMake code style
[0.960s] -- Added test 'pep257' to check Python code against some of the docstring style conventions in PEP 257
[0.976s] -- Added test 'uncrustify' to check C / C++ code style
[0.976s] -- Configured uncrustify additional arguments: 
[0.979s] -- Added test 'xmllint' to check XML markup files
[0.981s] -- Configuring done
[1.085s] -- Generating done
[1.087s] -- Build files have been written to: /home/arno/microver_ws/build/rover_input_pkg
[1.123s] [35m[1mConsolidate compiler generated dependencies of target input_node[0m
[1.148s] [ 50%] [32mBuilding CXX object CMakeFiles/input_node.dir/src/input_node.cpp.o[0m
[4.790s] [01m[K/home/arno/microver_ws/rover_input_pkg/src/input_node.cpp:[m[K In function â€˜[01m[Kint main(int, char**)[m[Kâ€™:
[4.790s] [01m[K/home/arno/microver_ws/rover_input_pkg/src/input_node.cpp:114:11:[m[K [01;31m[Kerror: [m[Kâ€˜[01m[Kusing element_type = class InputNode[m[Kâ€™ {aka â€˜[01m[Kclass InputNode[m[Kâ€™} has no member named â€˜[01m[KcaptureInput[m[Kâ€™
[4.790s]   114 |     node->[01;31m[KcaptureInput[m[K(); // Call captureInput method
[4.790s]       |           [01;31m[K^~~~~~~~~~~~[m[K
[6.146s] gmake[2]: *** [CMakeFiles/input_node.dir/build.make:76: CMakeFiles/input_node.dir/src/input_node.cpp.o] Error 1
[6.147s] gmake[1]: *** [CMakeFiles/Makefile2:137: CMakeFiles/input_node.dir/all] Error 2
[6.147s] gmake: *** [Makefile:146: all] Error 2
[6.151s] Invoked command in '/home/arno/microver_ws/build/rover_input_pkg' returned '2': CMAKE_PREFIX_PATH=${CMAKE_PREFIX_PATH}:/opt/ros/humble /usr/bin/cmake --build /home/arno/microver_ws/build/rover_input_pkg -- -j8 -l8
