[01m[K/home/arno/BasestationRoombaV3/src/rover_input_pkg/src/input_node_v2.cpp:4:10:[m[K [01;31m[Kfatal error: [m[Kgeometry_msgs/msg/twist.hpp: No such file or directory
    4 | #include [01;31m[K<geometry_msgs/msg/twist.hpp>[m[K
      |          [01;31m[K^~~~~~~~~~~~~~~~~~~~~~~~~~~~~[m[K
compilation terminated.
gmake[2]: *** [CMakeFiles/input_node_v2.dir/build.make:76: CMakeFiles/input_node_v2.dir/src/input_node_v2.cpp.o] Error 1
gmake[1]: *** [CMakeFiles/Makefile2:137: CMakeFiles/input_node_v2.dir/all] Error 2
gmake: *** [Makefile:146: all] Error 2
