[0.016s] Invoking command in '/home/arno/microver_ws/build/rover_input_pkg': CMAKE_PREFIX_PATH=${CMAKE_PREFIX_PATH}:/opt/ros/humble /usr/bin/cmake --build /home/arno/microver_ws/build/rover_input_pkg -- -j8 -l8
[0.068s] [35m[1mConsolidate compiler generated dependencies of target input_node[0m
[0.089s] [ 50%] [32mBuilding CXX object CMakeFiles/input_node.dir/src/input_node.cpp.o[0m
[3.367s] [01m[K/home/arno/microver_ws/rover_input_pkg/src/input_node.cpp:[m[K In function â€˜[01m[Kint main(int, char**)[m[Kâ€™:
[3.367s] [01m[K/home/arno/microver_ws/rover_input_pkg/src/input_node.cpp:114:11:[m[K [01;31m[Kerror: [m[Kâ€˜[01m[Kusing element_type = class InputNode[m[Kâ€™ {aka â€˜[01m[Kclass InputNode[m[Kâ€™} has no member named â€˜[01m[KcaptureInput[m[Kâ€™
[3.368s]   114 |     node->[01;31m[KcaptureInput[m[K(); // Call captureInput method
[3.368s]       |           [01;31m[K^~~~~~~~~~~~[m[K
[4.632s] gmake[2]: *** [CMakeFiles/input_node.dir/build.make:76: CMakeFiles/input_node.dir/src/input_node.cpp.o] Error 1
[4.632s] gmake[1]: *** [CMakeFiles/Makefile2:137: CMakeFiles/input_node.dir/all] Error 2
[4.632s] gmake: *** [Makefile:146: all] Error 2
[4.636s] Invoked command in '/home/arno/microver_ws/build/rover_input_pkg' returned '2': CMAKE_PREFIX_PATH=${CMAKE_PREFIX_PATH}:/opt/ros/humble /usr/bin/cmake --build /home/arno/microver_ws/build/rover_input_pkg -- -j8 -l8
